# JRE version: Java(TM) SE Runtime Environment (8.0_101-b13) (build 1.8.0_101-b13)
# Java VM: Java HotSpot(TM) Client VM (25.101-b13 mixed mode windows-x86 )
Heap:
 def new generation   total 4928K, used 4597K [0x05600000, 0x05b50000, 0x0ab50000)
  eden space 4416K,  92% used [0x05600000, 0x059fd5b0, 0x05a50000)
  from space 512K, 100% used [0x05ad0000, 0x05b50000, 0x05b50000)
  to   space 512K,   0% used [0x05a50000, 0x05a50000, 0x05ad0000)
 tenured generation   total 10944K, used 1734K [0x0ab50000, 0x0b600000, 0x15600000)
   the space 10944K,  15% used [0x0ab50000, 0x0ad018c8, 0x0ad01a00, 0x0b600000)
 Metaspace       used 8079K, capacity 8280K, committed 8448K, reserved 8576K
GC Heap History (6 events):
Event: 0.208 GC heap before
{Heap before GC invocations=0 (full 0):
 def new generation   total 4928K, used 4416K [0x05600000, 0x05b50000, 0x0ab50000)
  eden space 4416K, 100% used [0x05600000, 0x05a50000, 0x05a50000)
  from space 512K,   0% used [0x05a50000, 0x05a50000, 0x05ad0000)
  to   space 512K,   0% used [0x05ad0000, 0x05ad0000, 0x05b50000)
 tenured generation   total 10944K, used 0K [0x0ab50000, 0x0b600000, 0x15600000)
   the space 10944K,   0% used [0x0ab50000, 0x0ab50000, 0x0ab50200, 0x0b600000)
 Metaspace       used 2958K, capacity 3093K, committed 3136K, reserved 4480K
Event: 0.210 GC heap after
Heap after GC invocations=1 (full 0):
 def new generation   total 4928K, used 512K [0x05600000, 0x05b50000, 0x0ab50000)
  eden space 4416K,   0% used [0x05600000, 0x05600000, 0x05a50000)
  from space 512K, 100% used [0x05ad0000, 0x05b50000, 0x05b50000)
  to   space 512K,   0% used [0x05a50000, 0x05a50000, 0x05ad0000)
 tenured generation   total 10944K, used 374K [0x0ab50000, 0x0b600000, 0x15600000)
   the space 10944K,   3% used [0x0ab50000, 0x0abad840, 0x0abada00, 0x0b600000)
 Metaspace       used 2958K, capacity 3093K, committed 3136K, reserved 4480K
}
Event: 0.381 GC heap before
{Heap before GC invocations=1 (full 0):
 def new generation   total 4928K, used 4920K [0x05600000, 0x05b50000, 0x0ab50000)
  eden space 4416K,  99% used [0x05600000, 0x05a4e2a8, 0x05a50000)
  from space 512K, 100% used [0x05ad0000, 0x05b50000, 0x05b50000)
  to   space 512K,   0% used [0x05a50000, 0x05a50000, 0x05ad0000)
 tenured generation   total 10944K, used 374K [0x0ab50000, 0x0b600000, 0x15600000)
   the space 10944K,   3% used [0x0ab50000, 0x0abad840, 0x0abada00, 0x0b600000)
 Metaspace       used 5592K, capacity 5769K, committed 5888K, reserved 6528K
Event: 0.383 GC heap after
Heap after GC invocations=2 (full 0):
 def new generation   total 4928K, used 512K [0x05600000, 0x05b50000, 0x0ab50000)
  eden space 4416K,   0% used [0x05600000, 0x05600000, 0x05a50000)
  from space 512K, 100% used [0x05a50000, 0x05ad0000, 0x05ad0000)
  to   space 512K,   0% used [0x05ad0000, 0x05ad0000, 0x05b50000)
 tenured generation   total 10944K, used 1045K [0x0ab50000, 0x0b600000, 0x15600000)
   the space 10944K,   9% used [0x0ab50000, 0x0ac55688, 0x0ac55800, 0x0b600000)
 Metaspace       used 5592K, capacity 5769K, committed 5888K, reserved 6528K
}
Event: 2.217 GC heap before
{Heap before GC invocations=2 (full 0):
 def new generation   total 4928K, used 4928K [0x05600000, 0x05b50000, 0x0ab50000)
  eden space 4416K, 100% used [0x05600000, 0x05a50000, 0x05a50000)
  from space 512K, 100% used [0x05a50000, 0x05ad0000, 0x05ad0000)
  to   space 512K,   0% used [0x05ad0000, 0x05ad0000, 0x05b50000)
 tenured generation   total 10944K, used 1045K [0x0ab50000, 0x0b600000, 0x15600000)
   the space 10944K,   9% used [0x0ab50000, 0x0ac55688, 0x0ac55800, 0x0b600000)
 Metaspace       used 7459K, capacity 7633K, committed 7680K, reserved 8576K
Event: 2.220 GC heap after
Heap after GC invocations=3 (full 0):
 def new generation   total 4928K, used 512K [0x05600000, 0x05b50000, 0x0ab50000)
  eden space 4416K,   0% used [0x05600000, 0x05600000, 0x05a50000)
  from space 512K, 100% used [0x05ad0000, 0x05b50000, 0x05b50000)
  to   space 512K,   0% used [0x05a50000, 0x05a50000, 0x05ad0000)
 tenured generation   total 10944K, used 1734K [0x0ab50000, 0x0b600000, 0x15600000)
   the space 10944K,  15% used [0x0ab50000, 0x0ad018c8, 0x0ad01a00, 0x0b600000)
 Metaspace       used 7459K, capacity 7633K, committed 7680K, reserved 8576K
}

